<?xml version="1.0" encoding="UTF-8"?>
<testsuite xmlns:xsi="http://www.w3.org/2001/XMLSchema-instance" xsi:noNamespaceSchemaLocation="https://maven.apache.org/surefire/maven-surefire-plugin/xsd/surefire-test-report.xsd" version="3.0.2" name="com.jennymakki.projectmanager.auth.AuthControllerTest" time="12.116" tests="2" errors="0" skipped="0" failures="0">
  <properties>
[...]
</properties>
  <testcase name="shouldLoginAndReturnToken" classname="com.jennymakki.projectmanager.auth.AuthControllerTest" time="1.847">
    <system-out><![CDATA[16:58:48.573 [main] INFO org.springframework.test.context.support.AnnotationConfigContextLoaderUtils -- Could not detect default configuration classes for test class [com.jennymakki.projectmanager.auth.AuthControllerTest]: AuthControllerTest does not declare any static, non-private, non-final, nested classes annotated with @Configuration.
16:58:48.846 [main] INFO org.springframework.boot.test.context.SpringBootTestContextBootstrapper -- Found @SpringBootConfiguration com.jennymakki.projectmanager.ProjectManagerApplication for test class com.jennymakki.projectmanager.auth.AuthControllerTest

  .   ____          _            __ _ _
 /\\ / ___'_ __ _ _(_)_ __  __ _ \ \ \ \
( ( )\___ | '_ | '_| | '_ \/ _` | \ \ \ \
 \\/  ___)| |_)| | | | | || (_| |  ) ) ) )
  '  |____| .__|_| |_|_| |_\__, | / / / /
 =========|_|==============|___/=/_/_/_/

 :: Spring Boot ::                (v3.5.0)

2026-05-23T16:58:49.925+02:00  INFO 2136 --- [demo] [           main] c.j.p.auth.AuthControllerTest            : Starting AuthControllerTest using Java 25.0.3 with PID 2136 (started by themakkis in /Users/themakkis/project-manager-system/backend)
2026-05-23T16:58:49.927+02:00  INFO 2136 --- [demo] [           main] c.j.p.auth.AuthControllerTest            : The following 1 profile is active: "test"
2026-05-23T16:58:51.452+02:00  INFO 2136 --- [demo] [           main] .s.d.r.c.RepositoryConfigurationDelegate : Bootstrapping Spring Data JPA repositories in DEFAULT mode.
2026-05-23T16:58:51.578+02:00  INFO 2136 --- [demo] [           main] .s.d.r.c.RepositoryConfigurationDelegate : Finished Spring Data repository scanning in 103 ms. Found 1 JPA repository interface.
2026-05-23T16:58:52.685+02:00  INFO 2136 --- [demo] [           main] o.hibernate.jpa.internal.util.LogHelper  : HHH000204: Processing PersistenceUnitInfo [name: default]
2026-05-23T16:58:52.836+02:00  INFO 2136 --- [demo] [           main] org.hibernate.Version                    : HHH000412: Hibernate ORM core version 6.6.15.Final
2026-05-23T16:58:52.917+02:00  INFO 2136 --- [demo] [           main] o.h.c.internal.RegionFactoryInitiator    : HHH000026: Second-level cache disabled
2026-05-23T16:58:53.605+02:00  INFO 2136 --- [demo] [           main] o.s.o.j.p.SpringPersistenceUnitInfo      : No LoadTimeWeaver setup: ignoring JPA class transformer
2026-05-23T16:58:53.672+02:00  INFO 2136 --- [demo] [           main] com.zaxxer.hikari.HikariDataSource       : HikariPool-1 - Starting...
2026-05-23T16:58:54.053+02:00  INFO 2136 --- [demo] [           main] com.zaxxer.hikari.pool.HikariPool        : HikariPool-1 - Added connection conn0: url=jdbc:h2:mem:testdb user=SA
2026-05-23T16:58:54.055+02:00  INFO 2136 --- [demo] [           main] com.zaxxer.hikari.HikariDataSource       : HikariPool-1 - Start completed.
2026-05-23T16:58:54.187+02:00  INFO 2136 --- [demo] [           main] org.hibernate.orm.connections.pooling    : HHH10001005: Database info:
	Database JDBC URL [Connecting through datasource 'HikariDataSource (HikariPool-1)']
	Database driver: undefined/unknown
	Database version: 2.3.232
	Autocommit mode: undefined/unknown
	Isolation level: undefined/unknown
	Minimum pool size: undefined/unknown
	Maximum pool size: undefined/unknown
2026-05-23T16:58:55.708+02:00  INFO 2136 --- [demo] [           main] o.h.e.t.j.p.i.JtaPlatformInitiator       : HHH000489: No JTA platform available (set 'hibernate.transaction.jta.platform' to enable JTA platform integration)
Hibernate: create table users (id bigint generated by default as identity, email varchar(255) not null, password varchar(255) not null, primary key (id))
Hibernate: alter table if exists users drop constraint if exists UK6dotkott2kjsp8vw4d0m25fb7
Hibernate: alter table if exists users add constraint UK6dotkott2kjsp8vw4d0m25fb7 unique (email)
2026-05-23T16:58:55.822+02:00  INFO 2136 --- [demo] [           main] j.LocalContainerEntityManagerFactoryBean : Initialized JPA EntityManagerFactory for persistence unit 'default'
2026-05-23T16:58:56.561+02:00  WARN 2136 --- [demo] [           main] JpaBaseConfiguration$JpaWebConfiguration : spring.jpa.open-in-view is enabled by default. Therefore, database queries may be performed during view rendering. Explicitly configure spring.jpa.open-in-view to disable this warning
2026-05-23T16:58:57.821+02:00  INFO 2136 --- [demo] [           main] o.s.b.a.h2.H2ConsoleAutoConfiguration    : H2 console available at '/h2-console'. Database available at 'jdbc:h2:mem:testdb'
2026-05-23T16:58:58.042+02:00  INFO 2136 --- [demo] [           main] o.s.b.t.m.w.SpringBootMockServletContext : Initializing Spring TestDispatcherServlet ''
2026-05-23T16:58:58.042+02:00  INFO 2136 --- [demo] [           main] o.s.t.web.servlet.TestDispatcherServlet  : Initializing Servlet ''
2026-05-23T16:58:58.044+02:00  INFO 2136 --- [demo] [           main] o.s.t.web.servlet.TestDispatcherServlet  : Completed initialization in 1 ms
2026-05-23T16:58:58.114+02:00  INFO 2136 --- [demo] [           main] c.j.p.auth.AuthControllerTest            : Started AuthControllerTest in 8.907 seconds (process running for 11.219)
Hibernate: select u1_0.id,u1_0.email,u1_0.password from users u1_0
JwtFilter is running
Hibernate: select u1_0.id,u1_0.email,u1_0.password from users u1_0 where u1_0.email=?
Hibernate: insert into users (email,password,id) values (?,?,default)
JwtFilter is running
Hibernate: select u1_0.id,u1_0.email,u1_0.password from users u1_0 where u1_0.email=?
]]></system-out>
    <system-err><![CDATA[Mockito is currently self-attaching to enable the inline-mock-maker. This will no longer work in future releases of the JDK. Please add Mockito as an agent to your build as described in Mockito's documentation: https://javadoc.io/doc/org.mockito/mockito-core/latest/org.mockito/org/mockito/Mockito.html#0.3
WARNING: A Java agent has been loaded dynamically (/Users/themakkis/.m2/repository/net/bytebuddy/byte-buddy-agent/1.17.5/byte-buddy-agent-1.17.5.jar)
WARNING: If a serviceability tool is in use, please run with -XX:+EnableDynamicAgentLoading to hide this warning
WARNING: If a serviceability tool is not in use, please run with -Djdk.instrument.traceUsage for more information
WARNING: Dynamic loading of agents will be disallowed by default in a future release
]]></system-err>
  </testcase>
  <testcase name="shouldRegisterUser" classname="com.jennymakki.projectmanager.auth.AuthControllerTest" time="0.306">
    <system-out><![CDATA[Hibernate: select u1_0.id,u1_0.email,u1_0.password from users u1_0
Hibernate: delete from users where id=?
JwtFilter is running
Hibernate: select u1_0.id,u1_0.email,u1_0.password from users u1_0 where u1_0.email=?
Hibernate: insert into users (email,password,id) values (?,?,default)
Hibernate: select u1_0.id,u1_0.email,u1_0.password from users u1_0 where u1_0.email=?
]]></system-out>
  </testcase>
</testsuite>